<?xml version="1.0" encoding="UTF-8"?>
<!-- Generated by org.testng.reporters.JUnitXMLReporter -->
<testsuite hostname="AQE1FTPIKH" ignored="0" name="login" tests="7" failures="0" timestamp="2025-07-14T21:28:26 IST" time="6.569" errors="0">
  <testcase name="closeBrowser" time="1.054" classname="pack1.Demo1"/>
  <testcase name="method1" time="0.003" classname="pack1.Demo1"/>
  <testcase name="method2" time="0.002" classname="pack1.Demo1"/>
  <testcase name="method3" time="0.003" classname="pack1.Demo1"/>
  <testcase name="method4" time="0.003" classname="pack1.Demo1"/>
  <testcase name="method5" time="0.003" classname="pack1.Demo1"/>
  <testcase name="method6" time="0.003" classname="pack1.Demo1"/>
</testsuite> <!-- login -->
