<?xml version="1.0" encoding="UTF-8"?>
<!-- Generated by org.testng.reporters.JUnitXMLReporter -->
<testsuite hostname="AQE1FTPIKH" ignored="0" name="Default test" tests="5" failures="0" timestamp="14 Jul 2025 15:28:55 GMT" time="7.422" errors="0">
  <testcase name="closeBrowser" time="1.058" classname="pack1.Demo1"/>
  <testcase name="method1" time="0.003" classname="pack1.Demo1"/>
  <testcase name="method2" time="0.003" classname="pack1.Demo1"/>
  <testcase name="method3" time="0.003" classname="pack1.Demo1"/>
  <testcase name="method4" time="0.002" classname="pack1.Demo1"/>
</testsuite> <!-- Default test -->
