<?xml version="1.0" encoding="UTF-8"?>
<testng-results skipped="0" failed="0" ignored="0" total="7" passed="7">
  <reporter-output>
  </reporter-output>
  <suite name="TestNG Group Test" duration-ms="6569" started-at="2025-07-14T21:28:20 IST" finished-at="2025-07-14T21:28:26 IST">
    <groups>
      <group name="Sanity">
        <method signature="Demo1.method2()[pri:0, instance:pack1.Demo1@618b19ad]" name="method2" class="pack1.Demo1"/>
        <method signature="Demo1.method4()[pri:0, instance:pack1.Demo1@618b19ad]" name="method4" class="pack1.Demo1"/>
        <method signature="Demo1.method6()[pri:0, instance:pack1.Demo1@618b19ad]" name="method6" class="pack1.Demo1"/>
      </group> <!-- Sanity -->
      <group name="Smoke">
        <method signature="Demo1.method1()[pri:0, instance:pack1.Demo1@618b19ad]" name="method1" class="pack1.Demo1"/>
        <method signature="Demo1.method3()[pri:0, instance:pack1.Demo1@618b19ad]" name="method3" class="pack1.Demo1"/>
        <method signature="Demo1.method5()[pri:0, instance:pack1.Demo1@618b19ad]" name="method5" class="pack1.Demo1"/>
      </group> <!-- Smoke -->
    </groups>
    <test name="login" duration-ms="6569" started-at="2025-07-14T21:28:20 IST" finished-at="2025-07-14T21:28:26 IST">
      <class name="pack1.Demo1">
        <test-method status="PASS" signature="launchBrowser()[pri:0, instance:pack1.Demo1@618b19ad]" name="launchBrowser" is-config="true" duration-ms="5397" started-at="2025-07-14T21:28:20 IST" finished-at="2025-07-14T21:28:25 IST">
          <reporter-output>
          </reporter-output>
        </test-method> <!-- launchBrowser -->
        <test-method status="PASS" signature="closeBrowser()[pri:0, instance:pack1.Demo1@618b19ad]" name="closeBrowser" duration-ms="1054" started-at="2025-07-14T21:28:25 IST" finished-at="2025-07-14T21:28:26 IST">
          <reporter-output>
          </reporter-output>
        </test-method> <!-- closeBrowser -->
        <test-method status="PASS" signature="method1()[pri:0, instance:pack1.Demo1@618b19ad]" name="method1" duration-ms="3" started-at="2025-07-14T21:28:26 IST" finished-at="2025-07-14T21:28:26 IST">
          <reporter-output>
          </reporter-output>
        </test-method> <!-- method1 -->
        <test-method status="PASS" signature="method2()[pri:0, instance:pack1.Demo1@618b19ad]" name="method2" duration-ms="2" started-at="2025-07-14T21:28:26 IST" finished-at="2025-07-14T21:28:26 IST">
          <reporter-output>
          </reporter-output>
        </test-method> <!-- method2 -->
        <test-method status="PASS" signature="method3()[pri:0, instance:pack1.Demo1@618b19ad]" name="method3" duration-ms="3" started-at="2025-07-14T21:28:26 IST" finished-at="2025-07-14T21:28:26 IST">
          <reporter-output>
          </reporter-output>
        </test-method> <!-- method3 -->
        <test-method status="PASS" signature="method4()[pri:0, instance:pack1.Demo1@618b19ad]" name="method4" duration-ms="3" started-at="2025-07-14T21:28:26 IST" finished-at="2025-07-14T21:28:26 IST">
          <reporter-output>
          </reporter-output>
        </test-method> <!-- method4 -->
        <test-method status="PASS" signature="method5()[pri:0, instance:pack1.Demo1@618b19ad]" name="method5" duration-ms="3" started-at="2025-07-14T21:28:26 IST" finished-at="2025-07-14T21:28:26 IST">
          <reporter-output>
          </reporter-output>
        </test-method> <!-- method5 -->
        <test-method status="PASS" signature="method6()[pri:0, instance:pack1.Demo1@618b19ad]" name="method6" duration-ms="3" started-at="2025-07-14T21:28:26 IST" finished-at="2025-07-14T21:28:26 IST">
          <reporter-output>
          </reporter-output>
        </test-method> <!-- method6 -->
      </class> <!-- pack1.Demo1 -->
    </test> <!-- login -->
  </suite> <!-- TestNG Group Test -->
</testng-results>
